Mar 10 11:18:03  [info] $Fatal Error Details = Array
(
    [message] => We can't load the requested web page. This page requires cookies to be enabled in your browser settings. Please check this setting and enable cookies (if they are not enabled). Then try again. If this error persists, contact the site adminstrator for assistance.<br /><br />Site Administrators: This error may indicate that users are accessing this page using a domain or URL other than the configured Base URL. EXAMPLE: Base URL is http://example.org, but some users are accessing the page via http://www.example.org or a domain alias like http://myotherexample.org.<br /><br />Error type: Could not find a valid session key.
    [code] => 
)


Mar 10 11:18:03  [info] $backTrace = #0 /var/www/html/new/administrator/components/com_civicrm/civicrm/CRM/Core/Error.php(387): CRM_Core_Error::backtrace("backTrace", TRUE)
#1 /var/www/html/new/administrator/components/com_civicrm/civicrm/CRM/Core/Controller.php(877): CRM_Core_Error::fatal("We can't load the requested web page. This page requires cookies to be enable...")
#2 /var/www/html/new/administrator/components/com_civicrm/civicrm/CRM/Core/Controller.php(872): CRM_Core_Controller->invalidKeyCommon()
#3 /var/www/html/new/administrator/components/com_civicrm/civicrm/CRM/Core/Controller.php(318): CRM_Core_Controller->invalidKey()
#4 /var/www/html/new/administrator/components/com_civicrm/civicrm/CRM/Core/Controller.php(209): CRM_Core_Controller->key("CRM_Profile_Form_Search", TRUE, FALSE)
#5 /var/www/html/new/administrator/components/com_civicrm/civicrm/CRM/Core/Controller/Simple.php(68): CRM_Core_Controller->__construct("Search Profile", TRUE, 1, "CRM_Profile_Form_Search", FALSE, FALSE)
#6 /var/www/html/new/administrator/components/com_civicrm/civicrm/CRM/Profile/Page/Listings.php(311): CRM_Core_Controller_Simple->__construct("CRM_Profile_Form_Search", "Search Profile", 1)
#7 /var/www/html/new/administrator/components/com_civicrm/civicrm/CRM/Profile/Page/Router.php(127): CRM_Profile_Page_Listings->run()
#8 /var/www/html/new/administrator/components/com_civicrm/civicrm/CRM/Core/Invoke.php(331): CRM_Profile_Page_Router->run((Array:2), NULL)
#9 /var/www/html/new/administrator/components/com_civicrm/civicrm/CRM/Core/Invoke.php(75): CRM_Core_Invoke::runItem((Array:13))
#10 /var/www/html/new/administrator/components/com_civicrm/civicrm/CRM/Core/Invoke.php(52): CRM_Core_Invoke::_invoke((Array:2))
#11 /var/www/html/new/components/com_civicrm/civicrm.php(86): CRM_Core_Invoke::invoke((Array:2))
#12 /var/www/html/new/components/com_civicrm/civicrm.php(11): civicrm_invoke()
#13 /var/www/html/new/libraries/legacy/component/helper.php(355): require_once("/var/www/html/new/components/com_civicrm/civicrm.php")
#14 /var/www/html/new/libraries/legacy/component/helper.php(335): JComponentHelper::executeComponent("/var/www/html/new/components/com_civicrm/civicrm.php")
#15 /var/www/html/new/includes/application.php(220): JComponentHelper::renderComponent("com_civicrm")
#16 /var/www/html/new/index.php(102): JSite->dispatch()
#17 {main}


Mar 22 14:41:22  [info] $Fatal Error Details = Array
(
    [message] => You do not have permission to access this page
    [code] => 
)


Mar 22 14:41:22  [info] $backTrace = #0 /var/www/html/new/administrator/components/com_civicrm/civicrm/CRM/Core/Error.php(387): CRM_Core_Error::backtrace("backTrace", TRUE)
#1 /var/www/html/new/administrator/components/com_civicrm/civicrm/CRM/Utils/System/Joomla.php(597): CRM_Core_Error::fatal("You do not have permission to access this page")
#2 /var/www/html/new/administrator/components/com_civicrm/civicrm/CRM/Utils/System.php(281): CRM_Utils_System_Joomla->permissionDenied()
#3 /var/www/html/new/administrator/components/com_civicrm/civicrm/CRM/Core/Invoke.php(252): CRM_Utils_System::permissionDenied()
#4 /var/www/html/new/administrator/components/com_civicrm/civicrm/CRM/Core/Invoke.php(75): CRM_Core_Invoke::runItem((Array:13))
#5 /var/www/html/new/administrator/components/com_civicrm/civicrm/CRM/Core/Invoke.php(52): CRM_Core_Invoke::_invoke((Array:7))
#6 /var/www/html/new/components/com_civicrm/civicrm.php(86): CRM_Core_Invoke::invoke((Array:7))
#7 /var/www/html/new/components/com_civicrm/civicrm.php(11): civicrm_invoke()
#8 /var/www/html/new/libraries/legacy/component/helper.php(355): require_once("/var/www/html/new/components/com_civicrm/civicrm.php")
#9 /var/www/html/new/libraries/legacy/component/helper.php(335): JComponentHelper::executeComponent("/var/www/html/new/components/com_civicrm/civicrm.php")
#10 /var/www/html/new/includes/application.php(220): JComponentHelper::renderComponent("com_civicrm")
#11 /var/www/html/new/index.php(102): JSite->dispatch()
#12 {main}


Mar 22 14:41:22  [info] $Fatal Error Details = Array
(
    [message] => You do not have permission to access this page
    [code] => 
)


Mar 22 14:41:22  [info] $backTrace = #0 /var/www/html/new/administrator/components/com_civicrm/civicrm/CRM/Core/Error.php(387): CRM_Core_Error::backtrace("backTrace", TRUE)
#1 /var/www/html/new/administrator/components/com_civicrm/civicrm/CRM/Utils/System/Joomla.php(597): CRM_Core_Error::fatal("You do not have permission to access this page")
#2 /var/www/html/new/administrator/components/com_civicrm/civicrm/CRM/Utils/System.php(281): CRM_Utils_System_Joomla->permissionDenied()
#3 /var/www/html/new/administrator/components/com_civicrm/civicrm/CRM/Core/Invoke.php(252): CRM_Utils_System::permissionDenied()
#4 /var/www/html/new/administrator/components/com_civicrm/civicrm/CRM/Core/Invoke.php(75): CRM_Core_Invoke::runItem((Array:13))
#5 /var/www/html/new/administrator/components/com_civicrm/civicrm/CRM/Core/Invoke.php(52): CRM_Core_Invoke::_invoke((Array:8))
#6 /var/www/html/new/components/com_civicrm/civicrm.php(86): CRM_Core_Invoke::invoke((Array:8))
#7 /var/www/html/new/components/com_civicrm/civicrm.php(11): civicrm_invoke()
#8 /var/www/html/new/libraries/legacy/component/helper.php(355): require_once("/var/www/html/new/components/com_civicrm/civicrm.php")
#9 /var/www/html/new/libraries/legacy/component/helper.php(335): JComponentHelper::executeComponent("/var/www/html/new/components/com_civicrm/civicrm.php")
#10 /var/www/html/new/includes/application.php(220): JComponentHelper::renderComponent("com_civicrm")
#11 /var/www/html/new/index.php(102): JSite->dispatch()
#12 {main}


Mar 22 14:41:22  [info] $Fatal Error Details = Array
(
    [message] => You do not have permission to access this page
    [code] => 
)


Mar 22 14:41:22  [info] $backTrace = #0 /var/www/html/new/administrator/components/com_civicrm/civicrm/CRM/Core/Error.php(387): CRM_Core_Error::backtrace("backTrace", TRUE)
#1 /var/www/html/new/administrator/components/com_civicrm/civicrm/CRM/Utils/System/Joomla.php(597): CRM_Core_Error::fatal("You do not have permission to access this page")
#2 /var/www/html/new/administrator/components/com_civicrm/civicrm/CRM/Utils/System.php(281): CRM_Utils_System_Joomla->permissionDenied()
#3 /var/www/html/new/administrator/components/com_civicrm/civicrm/CRM/Core/Invoke.php(252): CRM_Utils_System::permissionDenied()
#4 /var/www/html/new/administrator/components/com_civicrm/civicrm/CRM/Core/Invoke.php(75): CRM_Core_Invoke::runItem((Array:13))
#5 /var/www/html/new/administrator/components/com_civicrm/civicrm/CRM/Core/Invoke.php(52): CRM_Core_Invoke::_invoke((Array:8))
#6 /var/www/html/new/components/com_civicrm/civicrm.php(86): CRM_Core_Invoke::invoke((Array:8))
#7 /var/www/html/new/components/com_civicrm/civicrm.php(11): civicrm_invoke()
#8 /var/www/html/new/libraries/legacy/component/helper.php(355): require_once("/var/www/html/new/components/com_civicrm/civicrm.php")
#9 /var/www/html/new/libraries/legacy/component/helper.php(335): JComponentHelper::executeComponent("/var/www/html/new/components/com_civicrm/civicrm.php")
#10 /var/www/html/new/includes/application.php(220): JComponentHelper::renderComponent("com_civicrm")
#11 /var/www/html/new/index.php(102): JSite->dispatch()
#12 {main}


Mar 22 14:41:22  [info] $Fatal Error Details = Array
(
    [message] => You do not have permission to access this page
    [code] => 
)


Mar 22 14:41:22  [info] $backTrace = #0 /var/www/html/new/administrator/components/com_civicrm/civicrm/CRM/Core/Error.php(387): CRM_Core_Error::backtrace("backTrace", TRUE)
#1 /var/www/html/new/administrator/components/com_civicrm/civicrm/CRM/Utils/System/Joomla.php(597): CRM_Core_Error::fatal("You do not have permission to access this page")
#2 /var/www/html/new/administrator/components/com_civicrm/civicrm/CRM/Utils/System.php(281): CRM_Utils_System_Joomla->permissionDenied()
#3 /var/www/html/new/administrator/components/com_civicrm/civicrm/CRM/Core/Invoke.php(252): CRM_Utils_System::permissionDenied()
#4 /var/www/html/new/administrator/components/com_civicrm/civicrm/CRM/Core/Invoke.php(75): CRM_Core_Invoke::runItem((Array:13))
#5 /var/www/html/new/administrator/components/com_civicrm/civicrm/CRM/Core/Invoke.php(52): CRM_Core_Invoke::_invoke((Array:9))
#6 /var/www/html/new/components/com_civicrm/civicrm.php(86): CRM_Core_Invoke::invoke((Array:9))
#7 /var/www/html/new/components/com_civicrm/civicrm.php(11): civicrm_invoke()
#8 /var/www/html/new/libraries/legacy/component/helper.php(355): require_once("/var/www/html/new/components/com_civicrm/civicrm.php")
#9 /var/www/html/new/libraries/legacy/component/helper.php(335): JComponentHelper::executeComponent("/var/www/html/new/components/com_civicrm/civicrm.php")
#10 /var/www/html/new/includes/application.php(220): JComponentHelper::renderComponent("com_civicrm")
#11 /var/www/html/new/index.php(102): JSite->dispatch()
#12 {main}


Mar 22 14:41:23  [info] $Fatal Error Details = Array
(
    [message] => You do not have permission to access this page
    [code] => 
)


Mar 22 14:41:23  [info] $backTrace = #0 /var/www/html/new/administrator/components/com_civicrm/civicrm/CRM/Core/Error.php(387): CRM_Core_Error::backtrace("backTrace", TRUE)
#1 /var/www/html/new/administrator/components/com_civicrm/civicrm/CRM/Utils/System/Joomla.php(597): CRM_Core_Error::fatal("You do not have permission to access this page")
#2 /var/www/html/new/administrator/components/com_civicrm/civicrm/CRM/Utils/System.php(281): CRM_Utils_System_Joomla->permissionDenied()
#3 /var/www/html/new/administrator/components/com_civicrm/civicrm/CRM/Core/Invoke.php(252): CRM_Utils_System::permissionDenied()
#4 /var/www/html/new/administrator/components/com_civicrm/civicrm/CRM/Core/Invoke.php(75): CRM_Core_Invoke::runItem((Array:13))
#5 /var/www/html/new/administrator/components/com_civicrm/civicrm/CRM/Core/Invoke.php(52): CRM_Core_Invoke::_invoke((Array:6))
#6 /var/www/html/new/components/com_civicrm/civicrm.php(86): CRM_Core_Invoke::invoke((Array:6))
#7 /var/www/html/new/components/com_civicrm/civicrm.php(11): civicrm_invoke()
#8 /var/www/html/new/libraries/legacy/component/helper.php(355): require_once("/var/www/html/new/components/com_civicrm/civicrm.php")
#9 /var/www/html/new/libraries/legacy/component/helper.php(335): JComponentHelper::executeComponent("/var/www/html/new/components/com_civicrm/civicrm.php")
#10 /var/www/html/new/includes/application.php(220): JComponentHelper::renderComponent("com_civicrm")
#11 /var/www/html/new/index.php(102): JSite->dispatch()
#12 {main}


Mar 22 14:41:23  [info] $Fatal Error Details = Array
(
    [message] => You do not have permission to access this page
    [code] => 
)


Mar 22 14:41:23  [info] $backTrace = #0 /var/www/html/new/administrator/components/com_civicrm/civicrm/CRM/Core/Error.php(387): CRM_Core_Error::backtrace("backTrace", TRUE)
#1 /var/www/html/new/administrator/components/com_civicrm/civicrm/CRM/Utils/System/Joomla.php(597): CRM_Core_Error::fatal("You do not have permission to access this page")
#2 /var/www/html/new/administrator/components/com_civicrm/civicrm/CRM/Utils/System.php(281): CRM_Utils_System_Joomla->permissionDenied()
#3 /var/www/html/new/administrator/components/com_civicrm/civicrm/CRM/Core/Invoke.php(252): CRM_Utils_System::permissionDenied()
#4 /var/www/html/new/administrator/components/com_civicrm/civicrm/CRM/Core/Invoke.php(75): CRM_Core_Invoke::runItem((Array:13))
#5 /var/www/html/new/administrator/components/com_civicrm/civicrm/CRM/Core/Invoke.php(52): CRM_Core_Invoke::_invoke((Array:10))
#6 /var/www/html/new/components/com_civicrm/civicrm.php(86): CRM_Core_Invoke::invoke((Array:10))
#7 /var/www/html/new/components/com_civicrm/civicrm.php(11): civicrm_invoke()
#8 /var/www/html/new/libraries/legacy/component/helper.php(355): require_once("/var/www/html/new/components/com_civicrm/civicrm.php")
#9 /var/www/html/new/libraries/legacy/component/helper.php(335): JComponentHelper::executeComponent("/var/www/html/new/components/com_civicrm/civicrm.php")
#10 /var/www/html/new/includes/application.php(220): JComponentHelper::renderComponent("com_civicrm")
#11 /var/www/html/new/index.php(102): JSite->dispatch()
#12 {main}


Mar 22 14:41:23  [info] $Fatal Error Details = Array
(
    [message] => You do not have permission to access this page
    [code] => 
)


Mar 22 14:41:23  [info] $backTrace = #0 /var/www/html/new/administrator/components/com_civicrm/civicrm/CRM/Core/Error.php(387): CRM_Core_Error::backtrace("backTrace", TRUE)
#1 /var/www/html/new/administrator/components/com_civicrm/civicrm/CRM/Utils/System/Joomla.php(597): CRM_Core_Error::fatal("You do not have permission to access this page")
#2 /var/www/html/new/administrator/components/com_civicrm/civicrm/CRM/Utils/System.php(281): CRM_Utils_System_Joomla->permissionDenied()
#3 /var/www/html/new/administrator/components/com_civicrm/civicrm/CRM/Core/Invoke.php(252): CRM_Utils_System::permissionDenied()
#4 /var/www/html/new/administrator/components/com_civicrm/civicrm/CRM/Core/Invoke.php(75): CRM_Core_Invoke::runItem((Array:13))
#5 /var/www/html/new/administrator/components/com_civicrm/civicrm/CRM/Core/Invoke.php(52): CRM_Core_Invoke::_invoke((Array:8))
#6 /var/www/html/new/components/com_civicrm/civicrm.php(86): CRM_Core_Invoke::invoke((Array:8))
#7 /var/www/html/new/components/com_civicrm/civicrm.php(11): civicrm_invoke()
#8 /var/www/html/new/libraries/legacy/component/helper.php(355): require_once("/var/www/html/new/components/com_civicrm/civicrm.php")
#9 /var/www/html/new/libraries/legacy/component/helper.php(335): JComponentHelper::executeComponent("/var/www/html/new/components/com_civicrm/civicrm.php")
#10 /var/www/html/new/includes/application.php(220): JComponentHelper::renderComponent("com_civicrm")
#11 /var/www/html/new/index.php(102): JSite->dispatch()
#12 {main}


Mar 22 14:41:23  [info] $Fatal Error Details = Array
(
    [message] => You do not have permission to access this page
    [code] => 
)


Mar 22 14:41:23  [info] $Fatal Error Details = Array
(
    [message] => You do not have permission to access this page
    [code] => 
)


Mar 22 14:41:23  [info] $backTrace = #0 /var/www/html/new/administrator/components/com_civicrm/civicrm/CRM/Core/Error.php(387): CRM_Core_Error::backtrace("backTrace", TRUE)
#1 /var/www/html/new/administrator/components/com_civicrm/civicrm/CRM/Utils/System/Joomla.php(597): CRM_Core_Error::fatal("You do not have permission to access this page")
#2 /var/www/html/new/administrator/components/com_civicrm/civicrm/CRM/Utils/System.php(281): CRM_Utils_System_Joomla->permissionDenied()
#3 /var/www/html/new/administrator/components/com_civicrm/civicrm/CRM/Core/Invoke.php(252): CRM_Utils_System::permissionDenied()
#4 /var/www/html/new/administrator/components/com_civicrm/civicrm/CRM/Core/Invoke.php(75): CRM_Core_Invoke::runItem((Array:13))
#5 /var/www/html/new/administrator/components/com_civicrm/civicrm/CRM/Core/Invoke.php(52): CRM_Core_Invoke::_invoke((Array:9))
#6 /var/www/html/new/components/com_civicrm/civicrm.php(86): CRM_Core_Invoke::invoke((Array:9))
#7 /var/www/html/new/components/com_civicrm/civicrm.php(11): civicrm_invoke()
#8 /var/www/html/new/libraries/legacy/component/helper.php(355): require_once("/var/www/html/new/components/com_civicrm/civicrm.php")
#9 /var/www/html/new/libraries/legacy/component/helper.php(335): JComponentHelper::executeComponent("/var/www/html/new/components/com_civicrm/civicrm.php")
#10 /var/www/html/new/includes/application.php(220): JComponentHelper::renderComponent("com_civicrm")
#11 /var/www/html/new/index.php(102): JSite->dispatch()
#12 {main}


Mar 22 14:41:23  [info] $backTrace = #0 /var/www/html/new/administrator/components/com_civicrm/civicrm/CRM/Core/Error.php(387): CRM_Core_Error::backtrace("backTrace", TRUE)
#1 /var/www/html/new/administrator/components/com_civicrm/civicrm/CRM/Utils/System/Joomla.php(597): CRM_Core_Error::fatal("You do not have permission to access this page")
#2 /var/www/html/new/administrator/components/com_civicrm/civicrm/CRM/Utils/System.php(281): CRM_Utils_System_Joomla->permissionDenied()
#3 /var/www/html/new/administrator/components/com_civicrm/civicrm/CRM/Core/Invoke.php(252): CRM_Utils_System::permissionDenied()
#4 /var/www/html/new/administrator/components/com_civicrm/civicrm/CRM/Core/Invoke.php(75): CRM_Core_Invoke::runItem((Array:13))
#5 /var/www/html/new/administrator/components/com_civicrm/civicrm/CRM/Core/Invoke.php(52): CRM_Core_Invoke::_invoke((Array:9))
#6 /var/www/html/new/components/com_civicrm/civicrm.php(86): CRM_Core_Invoke::invoke((Array:9))
#7 /var/www/html/new/components/com_civicrm/civicrm.php(11): civicrm_invoke()
#8 /var/www/html/new/libraries/legacy/component/helper.php(355): require_once("/var/www/html/new/components/com_civicrm/civicrm.php")
#9 /var/www/html/new/libraries/legacy/component/helper.php(335): JComponentHelper::executeComponent("/var/www/html/new/components/com_civicrm/civicrm.php")
#10 /var/www/html/new/includes/application.php(220): JComponentHelper::renderComponent("com_civicrm")
#11 /var/www/html/new/index.php(102): JSite->dispatch()
#12 {main}


Mar 22 14:41:23  [info] $Fatal Error Details = Array
(
    [message] => You do not have permission to access this page
    [code] => 
)


Mar 22 14:41:23  [info] $backTrace = #0 /var/www/html/new/administrator/components/com_civicrm/civicrm/CRM/Core/Error.php(387): CRM_Core_Error::backtrace("backTrace", TRUE)
#1 /var/www/html/new/administrator/components/com_civicrm/civicrm/CRM/Utils/System/Joomla.php(597): CRM_Core_Error::fatal("You do not have permission to access this page")
#2 /var/www/html/new/administrator/components/com_civicrm/civicrm/CRM/Utils/System.php(281): CRM_Utils_System_Joomla->permissionDenied()
#3 /var/www/html/new/administrator/components/com_civicrm/civicrm/CRM/Core/Invoke.php(252): CRM_Utils_System::permissionDenied()
#4 /var/www/html/new/administrator/components/com_civicrm/civicrm/CRM/Core/Invoke.php(75): CRM_Core_Invoke::runItem((Array:13))
#5 /var/www/html/new/administrator/components/com_civicrm/civicrm/CRM/Core/Invoke.php(52): CRM_Core_Invoke::_invoke((Array:9))
#6 /var/www/html/new/components/com_civicrm/civicrm.php(86): CRM_Core_Invoke::invoke((Array:9))
#7 /var/www/html/new/components/com_civicrm/civicrm.php(11): civicrm_invoke()
#8 /var/www/html/new/libraries/legacy/component/helper.php(355): require_once("/var/www/html/new/components/com_civicrm/civicrm.php")
#9 /var/www/html/new/libraries/legacy/component/helper.php(335): JComponentHelper::executeComponent("/var/www/html/new/components/com_civicrm/civicrm.php")
#10 /var/www/html/new/includes/application.php(220): JComponentHelper::renderComponent("com_civicrm")
#11 /var/www/html/new/index.php(102): JSite->dispatch()
#12 {main}


Mar 22 14:41:23  [info] $Fatal Error Details = Array
(
    [message] => You do not have permission to access this page
    [code] => 
)


Mar 22 14:41:23  [info] $backTrace = #0 /var/www/html/new/administrator/components/com_civicrm/civicrm/CRM/Core/Error.php(387): CRM_Core_Error::backtrace("backTrace", TRUE)
#1 /var/www/html/new/administrator/components/com_civicrm/civicrm/CRM/Utils/System/Joomla.php(597): CRM_Core_Error::fatal("You do not have permission to access this page")
#2 /var/www/html/new/administrator/components/com_civicrm/civicrm/CRM/Utils/System.php(281): CRM_Utils_System_Joomla->permissionDenied()
#3 /var/www/html/new/administrator/components/com_civicrm/civicrm/CRM/Core/Invoke.php(252): CRM_Utils_System::permissionDenied()
#4 /var/www/html/new/administrator/components/com_civicrm/civicrm/CRM/Core/Invoke.php(75): CRM_Core_Invoke::runItem((Array:13))
#5 /var/www/html/new/administrator/components/com_civicrm/civicrm/CRM/Core/Invoke.php(52): CRM_Core_Invoke::_invoke((Array:8))
#6 /var/www/html/new/components/com_civicrm/civicrm.php(86): CRM_Core_Invoke::invoke((Array:8))
#7 /var/www/html/new/components/com_civicrm/civicrm.php(11): civicrm_invoke()
#8 /var/www/html/new/libraries/legacy/component/helper.php(355): require_once("/var/www/html/new/components/com_civicrm/civicrm.php")
#9 /var/www/html/new/libraries/legacy/component/helper.php(335): JComponentHelper::executeComponent("/var/www/html/new/components/com_civicrm/civicrm.php")
#10 /var/www/html/new/includes/application.php(220): JComponentHelper::renderComponent("com_civicrm")
#11 /var/www/html/new/index.php(102): JSite->dispatch()
#12 {main}


Mar 22 14:41:23  [info] $Fatal Error Details = Array
(
    [message] => You do not have permission to access this page
    [code] => 
)


Mar 22 14:41:23  [info] $backTrace = #0 /var/www/html/new/administrator/components/com_civicrm/civicrm/CRM/Core/Error.php(387): CRM_Core_Error::backtrace("backTrace", TRUE)
#1 /var/www/html/new/administrator/components/com_civicrm/civicrm/CRM/Utils/System/Joomla.php(597): CRM_Core_Error::fatal("You do not have permission to access this page")
#2 /var/www/html/new/administrator/components/com_civicrm/civicrm/CRM/Utils/System.php(281): CRM_Utils_System_Joomla->permissionDenied()
#3 /var/www/html/new/administrator/components/com_civicrm/civicrm/CRM/Core/Invoke.php(252): CRM_Utils_System::permissionDenied()
#4 /var/www/html/new/administrator/components/com_civicrm/civicrm/CRM/Core/Invoke.php(75): CRM_Core_Invoke::runItem((Array:13))
#5 /var/www/html/new/administrator/components/com_civicrm/civicrm/CRM/Core/Invoke.php(52): CRM_Core_Invoke::_invoke((Array:7))
#6 /var/www/html/new/components/com_civicrm/civicrm.php(86): CRM_Core_Invoke::invoke((Array:7))
#7 /var/www/html/new/components/com_civicrm/civicrm.php(11): civicrm_invoke()
#8 /var/www/html/new/libraries/legacy/component/helper.php(355): require_once("/var/www/html/new/components/com_civicrm/civicrm.php")
#9 /var/www/html/new/libraries/legacy/component/helper.php(335): JComponentHelper::executeComponent("/var/www/html/new/components/com_civicrm/civicrm.php")
#10 /var/www/html/new/includes/application.php(220): JComponentHelper::renderComponent("com_civicrm")
#11 /var/www/html/new/index.php(102): JSite->dispatch()
#12 {main}


Mar 22 14:41:23  [info] $Fatal Error Details = Array
(
    [message] => You do not have permission to access this page
    [code] => 
)


Mar 22 14:41:23  [info] $backTrace = #0 /var/www/html/new/administrator/components/com_civicrm/civicrm/CRM/Core/Error.php(387): CRM_Core_Error::backtrace("backTrace", TRUE)
#1 /var/www/html/new/administrator/components/com_civicrm/civicrm/CRM/Utils/System/Joomla.php(597): CRM_Core_Error::fatal("You do not have permission to access this page")
#2 /var/www/html/new/administrator/components/com_civicrm/civicrm/CRM/Utils/System.php(281): CRM_Utils_System_Joomla->permissionDenied()
#3 /var/www/html/new/administrator/components/com_civicrm/civicrm/CRM/Core/Invoke.php(252): CRM_Utils_System::permissionDenied()
#4 /var/www/html/new/administrator/components/com_civicrm/civicrm/CRM/Core/Invoke.php(75): CRM_Core_Invoke::runItem((Array:13))
#5 /var/www/html/new/administrator/components/com_civicrm/civicrm/CRM/Core/Invoke.php(52): CRM_Core_Invoke::_invoke((Array:9))
#6 /var/www/html/new/components/com_civicrm/civicrm.php(86): CRM_Core_Invoke::invoke((Array:9))
#7 /var/www/html/new/components/com_civicrm/civicrm.php(11): civicrm_invoke()
#8 /var/www/html/new/libraries/legacy/component/helper.php(355): require_once("/var/www/html/new/components/com_civicrm/civicrm.php")
#9 /var/www/html/new/libraries/legacy/component/helper.php(335): JComponentHelper::executeComponent("/var/www/html/new/components/com_civicrm/civicrm.php")
#10 /var/www/html/new/includes/application.php(220): JComponentHelper::renderComponent("com_civicrm")
#11 /var/www/html/new/index.php(102): JSite->dispatch()
#12 {main}


Mar 22 14:41:28  [info] $Fatal Error Details = Array
(
    [message] => You do not have permission to access this page
    [code] => 
)


Mar 22 14:41:28  [info] $backTrace = #0 /var/www/html/new/administrator/components/com_civicrm/civicrm/CRM/Core/Error.php(387): CRM_Core_Error::backtrace("backTrace", TRUE)
#1 /var/www/html/new/administrator/components/com_civicrm/civicrm/CRM/Utils/System/Joomla.php(597): CRM_Core_Error::fatal("You do not have permission to access this page")
#2 /var/www/html/new/administrator/components/com_civicrm/civicrm/CRM/Utils/System.php(281): CRM_Utils_System_Joomla->permissionDenied()
#3 /var/www/html/new/administrator/components/com_civicrm/civicrm/CRM/Core/Invoke.php(252): CRM_Utils_System::permissionDenied()
#4 /var/www/html/new/administrator/components/com_civicrm/civicrm/CRM/Core/Invoke.php(75): CRM_Core_Invoke::runItem((Array:13))
#5 /var/www/html/new/administrator/components/com_civicrm/civicrm/CRM/Core/Invoke.php(52): CRM_Core_Invoke::_invoke((Array:7))
#6 /var/www/html/new/components/com_civicrm/civicrm.php(86): CRM_Core_Invoke::invoke((Array:7))
#7 /var/www/html/new/components/com_civicrm/civicrm.php(11): civicrm_invoke()
#8 /var/www/html/new/libraries/legacy/component/helper.php(355): require_once("/var/www/html/new/components/com_civicrm/civicrm.php")
#9 /var/www/html/new/libraries/legacy/component/helper.php(335): JComponentHelper::executeComponent("/var/www/html/new/components/com_civicrm/civicrm.php")
#10 /var/www/html/new/includes/application.php(220): JComponentHelper::renderComponent("com_civicrm")
#11 /var/www/html/new/index.php(102): JSite->dispatch()
#12 {main}


Mar 22 14:41:28  [info] $Fatal Error Details = Array
(
    [message] => You do not have permission to access this page
    [code] => 
)


Mar 22 14:41:28  [info] $backTrace = #0 /var/www/html/new/administrator/components/com_civicrm/civicrm/CRM/Core/Error.php(387): CRM_Core_Error::backtrace("backTrace", TRUE)
#1 /var/www/html/new/administrator/components/com_civicrm/civicrm/CRM/Utils/System/Joomla.php(597): CRM_Core_Error::fatal("You do not have permission to access this page")
#2 /var/www/html/new/administrator/components/com_civicrm/civicrm/CRM/Utils/System.php(281): CRM_Utils_System_Joomla->permissionDenied()
#3 /var/www/html/new/administrator/components/com_civicrm/civicrm/CRM/Core/Invoke.php(252): CRM_Utils_System::permissionDenied()
#4 /var/www/html/new/administrator/components/com_civicrm/civicrm/CRM/Core/Invoke.php(75): CRM_Core_Invoke::runItem((Array:13))
#5 /var/www/html/new/administrator/components/com_civicrm/civicrm/CRM/Core/Invoke.php(52): CRM_Core_Invoke::_invoke((Array:8))
#6 /var/www/html/new/components/com_civicrm/civicrm.php(86): CRM_Core_Invoke::invoke((Array:8))
#7 /var/www/html/new/components/com_civicrm/civicrm.php(11): civicrm_invoke()
#8 /var/www/html/new/libraries/legacy/component/helper.php(355): require_once("/var/www/html/new/components/com_civicrm/civicrm.php")
#9 /var/www/html/new/libraries/legacy/component/helper.php(335): JComponentHelper::executeComponent("/var/www/html/new/components/com_civicrm/civicrm.php")
#10 /var/www/html/new/includes/application.php(220): JComponentHelper::renderComponent("com_civicrm")
#11 /var/www/html/new/index.php(102): JSite->dispatch()
#12 {main}


Mar 22 14:41:28  [info] $Fatal Error Details = Array
(
    [message] => You do not have permission to access this page
    [code] => 
)


Mar 22 14:41:28  [info] $backTrace = #0 /var/www/html/new/administrator/components/com_civicrm/civicrm/CRM/Core/Error.php(387): CRM_Core_Error::backtrace("backTrace", TRUE)
#1 /var/www/html/new/administrator/components/com_civicrm/civicrm/CRM/Utils/System/Joomla.php(597): CRM_Core_Error::fatal("You do not have permission to access this page")
#2 /var/www/html/new/administrator/components/com_civicrm/civicrm/CRM/Utils/System.php(281): CRM_Utils_System_Joomla->permissionDenied()
#3 /var/www/html/new/administrator/components/com_civicrm/civicrm/CRM/Core/Invoke.php(252): CRM_Utils_System::permissionDenied()
#4 /var/www/html/new/administrator/components/com_civicrm/civicrm/CRM/Core/Invoke.php(75): CRM_Core_Invoke::runItem((Array:13))
#5 /var/www/html/new/administrator/components/com_civicrm/civicrm/CRM/Core/Invoke.php(52): CRM_Core_Invoke::_invoke((Array:9))
#6 /var/www/html/new/components/com_civicrm/civicrm.php(86): CRM_Core_Invoke::invoke((Array:9))
#7 /var/www/html/new/components/com_civicrm/civicrm.php(11): civicrm_invoke()
#8 /var/www/html/new/libraries/legacy/component/helper.php(355): require_once("/var/www/html/new/components/com_civicrm/civicrm.php")
#9 /var/www/html/new/libraries/legacy/component/helper.php(335): JComponentHelper::executeComponent("/var/www/html/new/components/com_civicrm/civicrm.php")
#10 /var/www/html/new/includes/application.php(220): JComponentHelper::renderComponent("com_civicrm")
#11 /var/www/html/new/index.php(102): JSite->dispatch()
#12 {main}


Mar 22 14:41:29  [info] $Fatal Error Details = Array
(
    [message] => You do not have permission to access this page
    [code] => 
)


Mar 22 14:41:29  [info] $backTrace = #0 /var/www/html/new/administrator/components/com_civicrm/civicrm/CRM/Core/Error.php(387): CRM_Core_Error::backtrace("backTrace", TRUE)
#1 /var/www/html/new/administrator/components/com_civicrm/civicrm/CRM/Utils/System/Joomla.php(597): CRM_Core_Error::fatal("You do not have permission to access this page")
#2 /var/www/html/new/administrator/components/com_civicrm/civicrm/CRM/Utils/System.php(281): CRM_Utils_System_Joomla->permissionDenied()
#3 /var/www/html/new/administrator/components/com_civicrm/civicrm/CRM/Core/Invoke.php(252): CRM_Utils_System::permissionDenied()
#4 /var/www/html/new/administrator/components/com_civicrm/civicrm/CRM/Core/Invoke.php(75): CRM_Core_Invoke::runItem((Array:13))
#5 /var/www/html/new/administrator/components/com_civicrm/civicrm/CRM/Core/Invoke.php(52): CRM_Core_Invoke::_invoke((Array:6))
#6 /var/www/html/new/components/com_civicrm/civicrm.php(86): CRM_Core_Invoke::invoke((Array:6))
#7 /var/www/html/new/components/com_civicrm/civicrm.php(11): civicrm_invoke()
#8 /var/www/html/new/libraries/legacy/component/helper.php(355): require_once("/var/www/html/new/components/com_civicrm/civicrm.php")
#9 /var/www/html/new/libraries/legacy/component/helper.php(335): JComponentHelper::executeComponent("/var/www/html/new/components/com_civicrm/civicrm.php")
#10 /var/www/html/new/includes/application.php(220): JComponentHelper::renderComponent("com_civicrm")
#11 /var/www/html/new/index.php(102): JSite->dispatch()
#12 {main}


Mar 22 14:41:29  [info] $Fatal Error Details = Array
(
    [message] => You do not have permission to access this page
    [code] => 
)


Mar 22 14:41:29  [info] $backTrace = #0 /var/www/html/new/administrator/components/com_civicrm/civicrm/CRM/Core/Error.php(387): CRM_Core_Error::backtrace("backTrace", TRUE)
#1 /var/www/html/new/administrator/components/com_civicrm/civicrm/CRM/Utils/System/Joomla.php(597): CRM_Core_Error::fatal("You do not have permission to access this page")
#2 /var/www/html/new/administrator/components/com_civicrm/civicrm/CRM/Utils/System.php(281): CRM_Utils_System_Joomla->permissionDenied()
#3 /var/www/html/new/administrator/components/com_civicrm/civicrm/CRM/Core/Invoke.php(252): CRM_Utils_System::permissionDenied()
#4 /var/www/html/new/administrator/components/com_civicrm/civicrm/CRM/Core/Invoke.php(75): CRM_Core_Invoke::runItem((Array:13))
#5 /var/www/html/new/administrator/components/com_civicrm/civicrm/CRM/Core/Invoke.php(52): CRM_Core_Invoke::_invoke((Array:8))
#6 /var/www/html/new/components/com_civicrm/civicrm.php(86): CRM_Core_Invoke::invoke((Array:8))
#7 /var/www/html/new/components/com_civicrm/civicrm.php(11): civicrm_invoke()
#8 /var/www/html/new/libraries/legacy/component/helper.php(355): require_once("/var/www/html/new/components/com_civicrm/civicrm.php")
#9 /var/www/html/new/libraries/legacy/component/helper.php(335): JComponentHelper::executeComponent("/var/www/html/new/components/com_civicrm/civicrm.php")
#10 /var/www/html/new/includes/application.php(220): JComponentHelper::renderComponent("com_civicrm")
#11 /var/www/html/new/index.php(102): JSite->dispatch()
#12 {main}


Mar 22 14:41:30  [info] $Fatal Error Details = Array
(
    [message] => You do not have permission to access this page
    [code] => 
)


Mar 22 14:41:30  [info] $backTrace = #0 /var/www/html/new/administrator/components/com_civicrm/civicrm/CRM/Core/Error.php(387): CRM_Core_Error::backtrace("backTrace", TRUE)
#1 /var/www/html/new/administrator/components/com_civicrm/civicrm/CRM/Utils/System/Joomla.php(597): CRM_Core_Error::fatal("You do not have permission to access this page")
#2 /var/www/html/new/administrator/components/com_civicrm/civicrm/CRM/Utils/System.php(281): CRM_Utils_System_Joomla->permissionDenied()
#3 /var/www/html/new/administrator/components/com_civicrm/civicrm/CRM/Core/Invoke.php(252): CRM_Utils_System::permissionDenied()
#4 /var/www/html/new/administrator/components/com_civicrm/civicrm/CRM/Core/Invoke.php(75): CRM_Core_Invoke::runItem((Array:13))
#5 /var/www/html/new/administrator/components/com_civicrm/civicrm/CRM/Core/Invoke.php(52): CRM_Core_Invoke::_invoke((Array:8))
#6 /var/www/html/new/components/com_civicrm/civicrm.php(86): CRM_Core_Invoke::invoke((Array:8))
#7 /var/www/html/new/components/com_civicrm/civicrm.php(11): civicrm_invoke()
#8 /var/www/html/new/libraries/legacy/component/helper.php(355): require_once("/var/www/html/new/components/com_civicrm/civicrm.php")
#9 /var/www/html/new/libraries/legacy/component/helper.php(335): JComponentHelper::executeComponent("/var/www/html/new/components/com_civicrm/civicrm.php")
#10 /var/www/html/new/includes/application.php(220): JComponentHelper::renderComponent("com_civicrm")
#11 /var/www/html/new/index.php(102): JSite->dispatch()
#12 {main}


Mar 22 14:41:30  [info] $Fatal Error Details = Array
(
    [message] => You do not have permission to access this page
    [code] => 
)


Mar 22 14:41:30  [info] $backTrace = #0 /var/www/html/new/administrator/components/com_civicrm/civicrm/CRM/Core/Error.php(387): CRM_Core_Error::backtrace("backTrace", TRUE)
#1 /var/www/html/new/administrator/components/com_civicrm/civicrm/CRM/Utils/System/Joomla.php(597): CRM_Core_Error::fatal("You do not have permission to access this page")
#2 /var/www/html/new/administrator/components/com_civicrm/civicrm/CRM/Utils/System.php(281): CRM_Utils_System_Joomla->permissionDenied()
#3 /var/www/html/new/administrator/components/com_civicrm/civicrm/CRM/Core/Invoke.php(252): CRM_Utils_System::permissionDenied()
#4 /var/www/html/new/administrator/components/com_civicrm/civicrm/CRM/Core/Invoke.php(75): CRM_Core_Invoke::runItem((Array:13))
#5 /var/www/html/new/administrator/components/com_civicrm/civicrm/CRM/Core/Invoke.php(52): CRM_Core_Invoke::_invoke((Array:9))
#6 /var/www/html/new/components/com_civicrm/civicrm.php(86): CRM_Core_Invoke::invoke((Array:9))
#7 /var/www/html/new/components/com_civicrm/civicrm.php(11): civicrm_invoke()
#8 /var/www/html/new/libraries/legacy/component/helper.php(355): require_once("/var/www/html/new/components/com_civicrm/civicrm.php")
#9 /var/www/html/new/libraries/legacy/component/helper.php(335): JComponentHelper::executeComponent("/var/www/html/new/components/com_civicrm/civicrm.php")
#10 /var/www/html/new/includes/application.php(220): JComponentHelper::renderComponent("com_civicrm")
#11 /var/www/html/new/index.php(102): JSite->dispatch()
#12 {main}


Mar 22 14:41:30  [info] $Fatal Error Details = Array
(
    [message] => You do not have permission to access this page
    [code] => 
)


Mar 22 14:41:30  [info] $backTrace = #0 /var/www/html/new/administrator/components/com_civicrm/civicrm/CRM/Core/Error.php(387): CRM_Core_Error::backtrace("backTrace", TRUE)
#1 /var/www/html/new/administrator/components/com_civicrm/civicrm/CRM/Utils/System/Joomla.php(597): CRM_Core_Error::fatal("You do not have permission to access this page")
#2 /var/www/html/new/administrator/components/com_civicrm/civicrm/CRM/Utils/System.php(281): CRM_Utils_System_Joomla->permissionDenied()
#3 /var/www/html/new/administrator/components/com_civicrm/civicrm/CRM/Core/Invoke.php(252): CRM_Utils_System::permissionDenied()
#4 /var/www/html/new/administrator/components/com_civicrm/civicrm/CRM/Core/Invoke.php(75): CRM_Core_Invoke::runItem((Array:13))
#5 /var/www/html/new/administrator/components/com_civicrm/civicrm/CRM/Core/Invoke.php(52): CRM_Core_Invoke::_invoke((Array:7))
#6 /var/www/html/new/components/com_civicrm/civicrm.php(86): CRM_Core_Invoke::invoke((Array:7))
#7 /var/www/html/new/components/com_civicrm/civicrm.php(11): civicrm_invoke()
#8 /var/www/html/new/libraries/legacy/component/helper.php(355): require_once("/var/www/html/new/components/com_civicrm/civicrm.php")
#9 /var/www/html/new/libraries/legacy/component/helper.php(335): JComponentHelper::executeComponent("/var/www/html/new/components/com_civicrm/civicrm.php")
#10 /var/www/html/new/includes/application.php(220): JComponentHelper::renderComponent("com_civicrm")
#11 /var/www/html/new/index.php(102): JSite->dispatch()
#12 {main}


Mar 22 14:41:30  [info] $Fatal Error Details = Array
(
    [message] => You do not have permission to access this page
    [code] => 
)


Mar 22 14:41:30  [info] $backTrace = #0 /var/www/html/new/administrator/components/com_civicrm/civicrm/CRM/Core/Error.php(387): CRM_Core_Error::backtrace("backTrace", TRUE)
#1 /var/www/html/new/administrator/components/com_civicrm/civicrm/CRM/Utils/System/Joomla.php(597): CRM_Core_Error::fatal("You do not have permission to access this page")
#2 /var/www/html/new/administrator/components/com_civicrm/civicrm/CRM/Utils/System.php(281): CRM_Utils_System_Joomla->permissionDenied()
#3 /var/www/html/new/administrator/components/com_civicrm/civicrm/CRM/Core/Invoke.php(252): CRM_Utils_System::permissionDenied()
#4 /var/www/html/new/administrator/components/com_civicrm/civicrm/CRM/Core/Invoke.php(75): CRM_Core_Invoke::runItem((Array:13))
#5 /var/www/html/new/administrator/components/com_civicrm/civicrm/CRM/Core/Invoke.php(52): CRM_Core_Invoke::_invoke((Array:8))
#6 /var/www/html/new/components/com_civicrm/civicrm.php(86): CRM_Core_Invoke::invoke((Array:8))
#7 /var/www/html/new/components/com_civicrm/civicrm.php(11): civicrm_invoke()
#8 /var/www/html/new/libraries/legacy/component/helper.php(355): require_once("/var/www/html/new/components/com_civicrm/civicrm.php")
#9 /var/www/html/new/libraries/legacy/component/helper.php(335): JComponentHelper::executeComponent("/var/www/html/new/components/com_civicrm/civicrm.php")
#10 /var/www/html/new/includes/application.php(220): JComponentHelper::renderComponent("com_civicrm")
#11 /var/www/html/new/index.php(102): JSite->dispatch()
#12 {main}


Mar 22 14:41:30  [info] $Fatal Error Details = Array
(
    [message] => You do not have permission to access this page
    [code] => 
)


Mar 22 14:41:30  [info] $backTrace = #0 /var/www/html/new/administrator/components/com_civicrm/civicrm/CRM/Core/Error.php(387): CRM_Core_Error::backtrace("backTrace", TRUE)
#1 /var/www/html/new/administrator/components/com_civicrm/civicrm/CRM/Utils/System/Joomla.php(597): CRM_Core_Error::fatal("You do not have permission to access this page")
#2 /var/www/html/new/administrator/components/com_civicrm/civicrm/CRM/Utils/System.php(281): CRM_Utils_System_Joomla->permissionDenied()
#3 /var/www/html/new/administrator/components/com_civicrm/civicrm/CRM/Core/Invoke.php(252): CRM_Utils_System::permissionDenied()
#4 /var/www/html/new/administrator/components/com_civicrm/civicrm/CRM/Core/Invoke.php(75): CRM_Core_Invoke::runItem((Array:13))
#5 /var/www/html/new/administrator/components/com_civicrm/civicrm/CRM/Core/Invoke.php(52): CRM_Core_Invoke::_invoke((Array:9))
#6 /var/www/html/new/components/com_civicrm/civicrm.php(86): CRM_Core_Invoke::invoke((Array:9))
#7 /var/www/html/new/components/com_civicrm/civicrm.php(11): civicrm_invoke()
#8 /var/www/html/new/libraries/legacy/component/helper.php(355): require_once("/var/www/html/new/components/com_civicrm/civicrm.php")
#9 /var/www/html/new/libraries/legacy/component/helper.php(335): JComponentHelper::executeComponent("/var/www/html/new/components/com_civicrm/civicrm.php")
#10 /var/www/html/new/includes/application.php(220): JComponentHelper::renderComponent("com_civicrm")
#11 /var/www/html/new/index.php(102): JSite->dispatch()
#12 {main}


Mar 22 14:41:30  [info] $Fatal Error Details = Array
(
    [message] => You do not have permission to access this page
    [code] => 
)


Mar 22 14:41:30  [info] $backTrace = #0 /var/www/html/new/administrator/components/com_civicrm/civicrm/CRM/Core/Error.php(387): CRM_Core_Error::backtrace("backTrace", TRUE)
#1 /var/www/html/new/administrator/components/com_civicrm/civicrm/CRM/Utils/System/Joomla.php(597): CRM_Core_Error::fatal("You do not have permission to access this page")
#2 /var/www/html/new/administrator/components/com_civicrm/civicrm/CRM/Utils/System.php(281): CRM_Utils_System_Joomla->permissionDenied()
#3 /var/www/html/new/administrator/components/com_civicrm/civicrm/CRM/Core/Invoke.php(252): CRM_Utils_System::permissionDenied()
#4 /var/www/html/new/administrator/components/com_civicrm/civicrm/CRM/Core/Invoke.php(75): CRM_Core_Invoke::runItem((Array:13))
#5 /var/www/html/new/administrator/components/com_civicrm/civicrm/CRM/Core/Invoke.php(52): CRM_Core_Invoke::_invoke((Array:9))
#6 /var/www/html/new/components/com_civicrm/civicrm.php(86): CRM_Core_Invoke::invoke((Array:9))
#7 /var/www/html/new/components/com_civicrm/civicrm.php(11): civicrm_invoke()
#8 /var/www/html/new/libraries/legacy/component/helper.php(355): require_once("/var/www/html/new/components/com_civicrm/civicrm.php")
#9 /var/www/html/new/libraries/legacy/component/helper.php(335): JComponentHelper::executeComponent("/var/www/html/new/components/com_civicrm/civicrm.php")
#10 /var/www/html/new/includes/application.php(220): JComponentHelper::renderComponent("com_civicrm")
#11 /var/www/html/new/index.php(102): JSite->dispatch()
#12 {main}


Mar 22 14:41:30  [info] $Fatal Error Details = Array
(
    [message] => You do not have permission to access this page
    [code] => 
)


Mar 22 14:41:30  [info] $backTrace = #0 /var/www/html/new/administrator/components/com_civicrm/civicrm/CRM/Core/Error.php(387): CRM_Core_Error::backtrace("backTrace", TRUE)
#1 /var/www/html/new/administrator/components/com_civicrm/civicrm/CRM/Utils/System/Joomla.php(597): CRM_Core_Error::fatal("You do not have permission to access this page")
#2 /var/www/html/new/administrator/components/com_civicrm/civicrm/CRM/Utils/System.php(281): CRM_Utils_System_Joomla->permissionDenied()
#3 /var/www/html/new/administrator/components/com_civicrm/civicrm/CRM/Core/Invoke.php(252): CRM_Utils_System::permissionDenied()
#4 /var/www/html/new/administrator/components/com_civicrm/civicrm/CRM/Core/Invoke.php(75): CRM_Core_Invoke::runItem((Array:13))
#5 /var/www/html/new/administrator/components/com_civicrm/civicrm/CRM/Core/Invoke.php(52): CRM_Core_Invoke::_invoke((Array:9))
#6 /var/www/html/new/components/com_civicrm/civicrm.php(86): CRM_Core_Invoke::invoke((Array:9))
#7 /var/www/html/new/components/com_civicrm/civicrm.php(11): civicrm_invoke()
#8 /var/www/html/new/libraries/legacy/component/helper.php(355): require_once("/var/www/html/new/components/com_civicrm/civicrm.php")
#9 /var/www/html/new/libraries/legacy/component/helper.php(335): JComponentHelper::executeComponent("/var/www/html/new/components/com_civicrm/civicrm.php")
#10 /var/www/html/new/includes/application.php(220): JComponentHelper::renderComponent("com_civicrm")
#11 /var/www/html/new/index.php(102): JSite->dispatch()
#12 {main}


Mar 22 14:41:30  [info] $Fatal Error Details = Array
(
    [message] => You do not have permission to access this page
    [code] => 
)


Mar 22 14:41:30  [info] $backTrace = #0 /var/www/html/new/administrator/components/com_civicrm/civicrm/CRM/Core/Error.php(387): CRM_Core_Error::backtrace("backTrace", TRUE)
#1 /var/www/html/new/administrator/components/com_civicrm/civicrm/CRM/Utils/System/Joomla.php(597): CRM_Core_Error::fatal("You do not have permission to access this page")
#2 /var/www/html/new/administrator/components/com_civicrm/civicrm/CRM/Utils/System.php(281): CRM_Utils_System_Joomla->permissionDenied()
#3 /var/www/html/new/administrator/components/com_civicrm/civicrm/CRM/Core/Invoke.php(252): CRM_Utils_System::permissionDenied()
#4 /var/www/html/new/administrator/components/com_civicrm/civicrm/CRM/Core/Invoke.php(75): CRM_Core_Invoke::runItem((Array:13))
#5 /var/www/html/new/administrator/components/com_civicrm/civicrm/CRM/Core/Invoke.php(52): CRM_Core_Invoke::_invoke((Array:10))
#6 /var/www/html/new/components/com_civicrm/civicrm.php(86): CRM_Core_Invoke::invoke((Array:10))
#7 /var/www/html/new/components/com_civicrm/civicrm.php(11): civicrm_invoke()
#8 /var/www/html/new/libraries/legacy/component/helper.php(355): require_once("/var/www/html/new/components/com_civicrm/civicrm.php")
#9 /var/www/html/new/libraries/legacy/component/helper.php(335): JComponentHelper::executeComponent("/var/www/html/new/components/com_civicrm/civicrm.php")
#10 /var/www/html/new/includes/application.php(220): JComponentHelper::renderComponent("com_civicrm")
#11 /var/www/html/new/index.php(102): JSite->dispatch()
#12 {main}


